2023-04-18 09:09:07,200 ‘M2M3-
128.9
PSV 41.6 om/s [ll
EDV 0.000 cmis
MDV 0.000 cmis
RI 1.00
PI 4am

TAPV -10.1 cm/s a
289
- emis


2023-04-18 09:09:07,961 ‘M2M3-
128.9
PSV 41.6 om/s [ll
EDV 0.000 cmis
MDV 0.000 cmis
RI 1.00
PI 4am

TAPV -10.1 cm/s a
289
- emis


2023-04-18 09:09:08,693 ‘M2M3-
128.9
PSV 41.6 om/s [ll
EDV 0.000 cmis
MDV 0.000 cmis
RI 1.00
PI 4am

TAPV -10.1 cm/s a
289
- emis


2023-04-18 09:09:09,430 ‘M2M3-
128.9
PSV 41.6 om/s [ll
EDV 0.000 cmis
MDV 0.000 cmis
RI 1.00
PI 4am

TAPV -10.1 cm/s a
289
- emis


2023-04-18 09:09:10,165 ‘M2M3-
128.9
PSV 41.6 om/s [ll
EDV 0.000 cmis
MDV 0.000 cmis
RI 1.00
PI 4am

TAPV -10.1 cm/s a
289
- emis


2023-04-18 09:09:10,896 ‘M2M3-
128.9
PSV 41.6 om/s [ll
EDV 0.000 cmis
MDV 0.000 cmis
RI 1.00
PI 4am

TAPV -10.1 cm/s a
289
- emis


2023-04-18 09:09:42,575 ‘M2M3-
128.9
PSV 41.6 om/s [ll
EDV 0.000 cmis
MDV 0.000 cmis
RI 1.00
PI 4am

TAPV -10.1 cm/s a
289
- emis


2023-04-18 09:09:43,315 ‘M2M3-
128.9
PSV 41.6 om/s [ll
EDV 0.000 cmis
MDV 0.000 cmis
RI 1.00
PI 4am

TAPV -10.1 cm/s a
289
- emis


2023-04-18 09:09:44,059 ‘M2M3-
128.9
PSV 41.6 om/s [ll
EDV 0.000 cmis
MDV 0.000 cmis
RI 1.00
PI 4am

TAPV -10.1 cm/s a
289
- emis


2023-04-18 09:09:44,793 ‘M2M3-
128.9
PSV 41.6 om/s [ll
EDV 0.000 cmis
MDV 0.000 cmis
RI 1.00
PI 4am

TAPV -10.1 cm/s a
289
- emis


2023-04-18 09:09:45,527 ‘M2M3-
128.9
PSV 41.6 om/s [ll
EDV 0.000 cmis
MDV 0.000 cmis
RI 1.00
PI 4am

TAPV -10.1 cm/s a
289
- emis


2023-04-18 09:09:46,260 ‘M2M3-
128.9
PSV 41.6 om/s [ll
EDV 0.000 cmis
MDV 0.000 cmis
RI 1.00
PI 4am

TAPV -10.1 cm/s a
289
- emis


2023-04-18 09:10:09,770 ‘M2M3-
128.9
PSV 41.6 om/s [ll
EDV 0.000 cmis
MDV 0.000 cmis
RI 1.00
PI 4am

TAPV -10.1 cm/s a
289
- emis


2023-04-18 09:10:10,528 ‘M2M3-
128.9
PSV 41.6 om/s [ll
EDV 0.000 cmis
MDV 0.000 cmis
RI 1.00
PI 4am

TAPV -10.1 cm/s a
289
- emis


2023-04-18 09:10:11,277 ‘M2M3-
128.9
PSV 41.6 om/s [ll
EDV 0.000 cmis
MDV 0.000 cmis
RI 1.00
PI 4am

TAPV -10.1 cm/s a
289
- emis


2023-04-18 09:10:12,029 ‘M2M3-
128.9
PSV 41.6 om/s [ll
EDV 0.000 cmis
MDV 0.000 cmis
RI 1.00
PI 4am

TAPV -10.1 cm/s a
289
- emis


2023-04-18 09:10:24,568 ‘M2M3-
128.9
PSV 41.6 om/s [ll
EDV 0.000 cmis
MDV 0.000 cmis
RI 1.00
PI 4am

TAPV -10.1 cm/s a
289
- emis


2023-04-18 09:10:25,328 ‘M2M3-
128.9
PSV 41.6 om/s [ll
EDV 0.000 cmis
MDV 0.000 cmis
RI 1.00
PI 4am

TAPV -10.1 cm/s a
289
- emis


2023-04-18 09:10:26,080 ‘M2M3-
128.9
PSV 41.6 om/s [ll
EDV 0.000 cmis
MDV 0.000 cmis
RI 1.00
PI 4am

TAPV -10.1 cm/s a
289
- emis


2023-04-18 09:10:26,827 ‘M2M3-
128.9
PSV 41.6 om/s [ll
EDV 0.000 cmis
MDV 0.000 cmis
RI 1.00
PI 4am

TAPV -10.1 cm/s a
289
- emis


2023-04-18 09:10:58,685 ‘M2M3-

128.9

PSV 124 cm/s]

EDV 0.000 cm/s

MDV 41.6 omis

RI 1.00 |
PI 21.23

TAPV 7.80 cm/s i

289

- emis


2023-04-18 09:10:59,442 ‘M2M3-

128.9

PSV 124 cm/s]

EDV 0.000 cm/s

MDV 41.6 omis

RI 1.00 |
PI 21.23

TAPV 7.80 cm/s i

289

- emis


2023-04-18 09:11:00,194 ‘M2M3-

128.9

PSV 124 cm/s]

EDV 0.000 cm/s

MDV 41.6 omis

RI 1.00 |
PI 21.23

TAPV 7.80 cm/s i

289

- emis


2023-04-18 09:11:00,961 ‘M2M3-

128.9

PSV 124 cm/s]

EDV 0.000 cm/s

MDV 41.6 omis

RI 1.00 |
PI 21.23

TAPV 7.80 cm/s i

289

- emis


2023-04-18 09:11:01,711 ‘M2M3-

128.9

PSV 124 cm/s]

EDV 0.000 cm/s

MDV 41.6 omis

RI 1.00 |
PI 21.23

TAPV 7.80 cm/s i

289

- emis


2023-04-18 09:11:02,460 ‘M2M3-

128.9

PSV 124 cm/s]

EDV 0.000 cm/s

MDV 41.6 omis

RI 1.00 |
PI 21.23

TAPV 7.80 cm/s i

289

- emis


